<?xml version="1.0" encoding="UTF-8"?>
<coverage generated="1754607172769" clover="3.2.0">
  <project timestamp="1754607172770" name="All files">
    <metrics statements="16" coveredstatements="0" conditionals="6" coveredconditionals="0" methods="5" coveredmethods="0" elements="27" coveredelements="0" complexity="0" loc="16" ncloc="16" packages="2" files="5" classes="5"/>
    <package name="components.ui">
      <metrics statements="14" coveredstatements="0" conditionals="0" coveredconditionals="0" methods="4" coveredmethods="0"/>
      <file name="aspect-ratio.tsx" path="D:\Abdullah-Projects\vodev-lncc\components\ui\aspect-ratio.tsx">
        <metrics statements="1" coveredstatements="0" conditionals="0" coveredconditionals="0" methods="0" coveredmethods="0"/>
        <line num="5" count="0" type="stmt"/>
      </file>
      <file name="collapsible.tsx" path="D:\Abdullah-Projects\vodev-lncc\components\ui\collapsible.tsx">
        <metrics statements="3" coveredstatements="0" conditionals="0" coveredconditionals="0" methods="0" coveredmethods="0"/>
        <line num="5" count="0" type="stmt"/>
        <line num="7" count="0" type="stmt"/>
        <line num="9" count="0" type="stmt"/>
      </file> 
      <file name="use-mobile.tsx" path="D:\Abdullah-Projects\vodev-lncc\components\ui\use-mobile.tsx">
        <metrics statements="10" coveredstatements="0" conditionals="0" coveredconditionals="0" methods="4" coveredmethods="0"/>
        <line num="3" count="0" type="stmt"/>
        <line num="6" count="0" type="stmt"/>
        <line num="8" count="0" type="stmt"/>
        <line num="9" count="0" type="stmt"/>
        <line num="10" count="0" type="stmt"/>
        <line num="11" count="0" type="stmt"/>
        <line num="13" count="0" type="stmt"/>
        <line num="14" count="0" type="stmt"/>
        <line num="15" count="0" type="stmt"/>
        <line num="18" count="0" type="stmt"/>
      </file>
    </package>
    <package name="lib">
      <metrics statements="2" coveredstatements="0" conditionals="6" coveredconditionals="0" methods="1" coveredmethods="0"/>
      <file name="contentData.ts" path="D:\Abdullah-Projects\vodev-lncc\lib\contentData.ts">
        <metrics statements="0" coveredstatements="0" conditionals="0" coveredconditionals="0" methods="0" coveredmethods="0"/>
      </file>
      <file name="seo.ts" path="D:\Abdullah-Projects\vodev-lncc\lib\seo.ts">
        <metrics statements="2" coveredstatements="0" conditionals="6" coveredconditionals="0" methods="1" coveredmethods="0"/>
        <line num="3" count="0" type="stmt"/>
        <line num="22" count="0" type="stmt"/>
      </file>
    </package>
  </project>
</coverage>
