{"D:\\Abdullah-Projects\\vodev-lncc\\components\\ui\\aspect-ratio.tsx": {"path":"D:\\Abdullah-Projects\\vodev-lncc\\components\\ui\\aspect-ratio.tsx","statementMap":{"0":{"start":{"line":5,"column":20},"end":{"line":5,"column":45}}},"fnMap":{},"branchMap":{},"s":{"0":0},"f":{},"b":{}}
,"D:\\Abdullah-Projects\\vodev-lncc\\components\\ui\\collapsible.tsx": {"path":"D:\\Abdullah-Projects\\vodev-lncc\\components\\ui\\collapsible.tsx","statementMap":{"0":{"start":{"line":5,"column":20},"end":{"line":5,"column":45}},"1":{"start":{"line":7,"column":27},"end":{"line":7,"column":66}},"2":{"start":{"line":9,"column":27},"end":{"line":9,"column":66}}},"fnMap":{},"branchMap":{},"s":{"0":0,"1":0,"2":0},"f":{},"b":{}}
,"D:\\Abdullah-Projects\\vodev-lncc\\components\\ui\\use-mobile.tsx": {"path":"D:\\Abdullah-Projects\\vodev-lncc\\components\\ui\\use-mobile.tsx","statementMap":{"0":{"start":{"line":3,"column":26},"end":{"line":3,"column":29}},"1":{"start":{"line":6,"column":34},"end":{"line":6,"column":80}},"2":{"start":{"line":8,"column":2},"end":{"line":16,"column":8}},"3":{"start":{"line":9,"column":16},"end":{"line":9,"column":76}},"4":{"start":{"line":10,"column":21},"end":{"line":12,"column":5}},"5":{"start":{"line":11,"column":6},"end":{"line":11,"column":56}},"6":{"start":{"line":13,"column":4},"end":{"line":13,"column":44}},"7":{"start":{"line":14,"column":4},"end":{"line":14,"column":54}},"8":{"start":{"line":15,"column":4},"end":{"line":15,"column":60}},"9":{"start":{"line":15,"column":17},"end":{"line":15,"column":60}},"10":{"start":{"line":18,"column":2},"end":{"line":18,"column":19}}},"fnMap":{"0":{"name":"useIsMobile","decl":{"start":{"line":5,"column":16},"end":{"line":5,"column":27}},"loc":{"start":{"line":5,"column":30},"end":{"line":19,"column":1}},"line":5},"1":{"name":"(anonymous_1)","decl":{"start":{"line":8,"column":18},"end":{"line":8,"column":19}},"loc":{"start":{"line":8,"column":24},"end":{"line":16,"column":3}},"line":8},"2":{"name":"(anonymous_2)","decl":{"start":{"line":10,"column":21},"end":{"line":10,"column":22}},"loc":{"start":{"line":10,"column":27},"end":{"line":12,"column":5}},"line":10},"3":{"name":"(anonymous_3)","decl":{"start":{"line":15,"column":11},"end":{"line":15,"column":12}},"loc":{"start":{"line":15,"column":17},"end":{"line":15,"column":60}},"line":15}},"branchMap":{},"s":{"0":0,"1":0,"2":0,"3":0,"4":0,"5":0,"6":0,"7":0,"8":0,"9":0,"10":0},"f":{"0":0,"1":0,"2":0,"3":0},"b":{}}
,"D:\\Abdullah-Projects\\vodev-lncc\\lib\\contentData.ts": {"path":"D:\\Abdullah-Projects\\vodev-lncc\\lib\\contentData.ts","statementMap":{},"fnMap":{},"branchMap":{},"s":{},"f":{},"b":{}}
,"D:\\Abdullah-Projects\\vodev-lncc\\lib\\seo.ts": {"path":"D:\\Abdullah-Projects\\vodev-lncc\\lib\\seo.ts","statementMap":{"0":{"start":{"line":3,"column":26},"end":{"line":13,"column":1}},"1":{"start":{"line":22,"column":2},"end":{"line":36,"column":3}}},"fnMap":{"0":{"name":"getMetaTags","decl":{"start":{"line":15,"column":16},"end":{"line":15,"column":27}},"loc":{"start":{"line":21,"column":8},"end":{"line":37,"column":1}},"line":21}},"branchMap":{"0":{"loc":{"start":{"line":15,"column":28},"end":{"line":21,"column":6}},"type":"default-arg","locations":[{"start":{"line":21,"column":4},"end":{"line":21,"column":6}}],"line":15},"1":{"loc":{"start":{"line":16,"column":2},"end":{"line":16,"column":26}},"type":"default-arg","locations":[{"start":{"line":16,"column":10},"end":{"line":16,"column":26}}],"line":16},"2":{"loc":{"start":{"line":17,"column":2},"end":{"line":17,"column":38}},"type":"default-arg","locations":[{"start":{"line":17,"column":16},"end":{"line":17,"column":38}}],"line":17},"3":{"loc":{"start":{"line":18,"column":2},"end":{"line":18,"column":22}},"type":"default-arg","locations":[{"start":{"line":18,"column":8},"end":{"line":18,"column":22}}],"line":18},"4":{"loc":{"start":{"line":19,"column":2},"end":{"line":19,"column":26}},"type":"default-arg","locations":[{"start":{"line":19,"column":10},"end":{"line":19,"column":26}}],"line":19},"5":{"loc":{"start":{"line":20,"column":2},"end":{"line":20,"column":43}},"type":"default-arg","locations":[{"start":{"line":20,"column":13},"end":{"line":20,"column":43}}],"line":20}},"s":{"0":0,"1":0},"f":{"0":0},"b":{"0":[0],"1":[0],"2":[0],"3":[0],"4":[0],"5":[0]}}
}
                                                        